Arguments: 
  /usr/local/bin/node /usr/local/Cellar/yarn/1.17.3/libexec/bin/yarn.js

PATH: 
  /usr/local/bin:/usr/bin:/bin:/usr/sbin:/sbin:/Library/Frameworks/Python.framework/Versions/3.7/bin

Yarn version: 
  1.17.3

Node version: 
  10.16.0

Platform: 
  darwin x64

Trace: 
  Error: EACCES: permission denied, mkdir '/Users/coltonwilliams/Websites/personal/personal-website/node_modules/@hapi/bourne'

npm manifest: 
  {
    "name": "personal",
    "version": "0.1.0",
    "private": true,
    "homepage": "https://ratiugo.github.io/ratiugo.github.io",
    "dependencies": {
      "react": "^16.9.0",
      "react-dom": "^16.9.0",
      "react-particles-js": "^2.7.0",
      "react-responsive": "^7.0.0",
      "react-scripts": "3.1.1",
      "react-scroll": "^1.7.13",
      "react-scroll-to-component": "^1.0.2",
      "react-transition-group": "^4.2.2",
      "tachyons": "^4.11.1"
    },
    "scripts": {
      "start": "react-scripts start",
      "build": "react-scripts build",
      "test": "react-scripts test",
      "eject": "react-scripts eject",
      "predeploy": "npm run build",
      "deploy": "gh-pages -d build"
    },
    "browserslist": {
      "production": [
        ">0.2%",
        "not dead",
        "not op_mini all"
      ],
      "development": [
        "last 1 chrome version",
        "last 1 firefox version",
        "last 1 safari version"
      ]
    }
  }

yarn manifest: 
  No manifest

Lockfile: 
  No lockfile
